# JRE version: OpenJDK Runtime Environment (8.0_242) (build 1.8.0_242-release-1644-b3-6222593)
# Java VM: OpenJDK 64-Bit Server VM (25.242-b3-6222593 mixed mode linux-amd64 compressed oops)
Heap:
 PSYoungGen      total 1133056K, used 0K [0x000000076ab00000, 0x00000007c0000000, 0x00000007c0000000)
  eden space 1003008K, 0% used [0x000000076ab00000,0x000000076ab00000,0x00000007a7e80000)
  from space 130048K, 0% used [0x00000007a7e80000,0x00000007a7e80000,0x00000007afd80000)
  to   space 181248K, 0% used [0x00000007b4f00000,0x00000007b4f00000,0x00000007c0000000)
 ParOldGen       total 302080K, used 293669K [0x00000006c0000000, 0x00000006d2700000, 0x000000076ab00000)
  object space 302080K, 97% used [0x00000006c0000000,0x00000006d1ec97a0,0x00000006d2700000)
 Metaspace       used 99222K, capacity 103185K, committed 103464K, reserved 1138688K
  class space    used 12425K, capacity 13262K, committed 13360K, reserved 1048576K
GC Heap History (10 events):
Event: 411.544 GC heap after
Heap after GC invocations=27 (full 6):
 PSYoungGen      total 880640K, used 0K [0x000000076ab00000, 0x00000007b1d80000, 0x00000007c0000000)
  eden space 762368K, 0% used [0x000000076ab00000,0x000000076ab00000,0x0000000799380000)
  from space 118272K, 0% used [0x0000000799380000,0x0000000799380000,0x00000007a0700000)
  to   space 117248K, 0% used [0x00000007aab00000,0x00000007aab00000,0x00000007b1d80000)
 ParOldGen       total 302080K, used 171101K [0x00000006c0000000, 0x00000006d2700000, 0x000000076ab00000)
  object space 302080K, 56% used [0x00000006c0000000,0x00000006ca7177a8,0x00000006d2700000)
 Metaspace       used 97046K, capacity 100627K, committed 100776K, reserved 1136640K
  class space    used 12192K, capacity 12939K, committed 12976K, reserved 1048576K
}
Event: 420.410 GC heap before
{Heap before GC invocations=28 (full 6):
 PSYoungGen      total 880640K, used 762368K [0x000000076ab00000, 0x00000007b1d80000, 0x00000007c0000000)
  eden space 762368K, 100% used [0x000000076ab00000,0x0000000799380000,0x0000000799380000)
  from space 118272K, 0% used [0x0000000799380000,0x0000000799380000,0x00000007a0700000)
  to   space 117248K, 0% used [0x00000007aab00000,0x00000007aab00000,0x00000007b1d80000)
 ParOldGen       total 302080K, used 171101K [0x00000006c0000000, 0x00000006d2700000, 0x000000076ab00000)
  object space 302080K, 56% used [0x00000006c0000000,0x00000006ca7177a8,0x00000006d2700000)
 Metaspace       used 97202K, capacity 100805K, committed 101032K, reserved 1136640K
  class space    used 12220K, capacity 12974K, committed 12976K, reserved 1048576K
Event: 420.490 GC heap after
Heap after GC invocations=28 (full 6):
 PSYoungGen      total 942080K, used 19794K [0x000000076ab00000, 0x00000007ae580000, 0x00000007c0000000)
  eden space 882176K, 0% used [0x000000076ab00000,0x000000076ab00000,0x00000007a0880000)
  from space 59904K, 33% used [0x00000007aab00000,0x00000007abe54b80,0x00000007ae580000)
  to   space 113152K, 0% used [0x00000007a0880000,0x00000007a0880000,0x00000007a7700000)
 ParOldGen       total 302080K, used 171101K [0x00000006c0000000, 0x00000006d2700000, 0x000000076ab00000)
  object space 302080K, 56% used [0x00000006c0000000,0x00000006ca7177a8,0x00000006d2700000)
 Metaspace       used 97202K, capacity 100805K, committed 101032K, reserved 1136640K
  class space    used 12220K, capacity 12974K, committed 12976K, reserved 1048576K
}
Event: 429.827 GC heap before
{Heap before GC invocations=29 (full 6):
 PSYoungGen      total 942080K, used 901970K [0x000000076ab00000, 0x00000007ae580000, 0x00000007c0000000)
  eden space 882176K, 100% used [0x000000076ab00000,0x00000007a0880000,0x00000007a0880000)
  from space 59904K, 33% used [0x00000007aab00000,0x00000007abe54b80,0x00000007ae580000)
  to   space 113152K, 0% used [0x00000007a0880000,0x00000007a0880000,0x00000007a7700000)
 ParOldGen       total 302080K, used 171101K [0x00000006c0000000, 0x00000006d2700000, 0x000000076ab00000)
  object space 302080K, 56% used [0x00000006c0000000,0x00000006ca7177a8,0x00000006d2700000)
 Metaspace       used 98426K, capacity 102277K, committed 102568K, reserved 1138688K
  class space    used 12357K, capacity 13162K, committed 13232K, reserved 1048576K
Event: 429.985 GC heap after
Heap after GC invocations=29 (full 6):
 PSYoungGen      total 995328K, used 54672K [0x000000076ab00000, 0x00000007b6a80000, 0x00000007c0000000)
  eden space 882176K, 0% used [0x000000076ab00000,0x000000076ab00000,0x00000007a0880000)
  from space 113152K, 48% used [0x00000007a0880000,0x00000007a3de4290,0x00000007a7700000)
  to   space 111616K, 0% used [0x00000007afd80000,0x00000007afd80000,0x00000007b6a80000)
 ParOldGen       total 302080K, used 171109K [0x00000006c0000000, 0x00000006d2700000, 0x000000076ab00000)
  object space 302080K, 56% used [0x00000006c0000000,0x00000006ca7197a8,0x00000006d2700000)
 Metaspace       used 98426K, capacity 102277K, committed 102568K, reserved 1138688K
  class space    used 12357K, capacity 13162K, committed 13232K, reserved 1048576K
}
Event: 444.156 GC heap before
{Heap before GC invocations=30 (full 6):
 PSYoungGen      total 995328K, used 936848K [0x000000076ab00000, 0x00000007b6a80000, 0x00000007c0000000)
  eden space 882176K, 100% used [0x000000076ab00000,0x00000007a0880000,0x00000007a0880000)
  from space 113152K, 48% used [0x00000007a0880000,0x00000007a3de4290,0x00000007a7700000)
  to   space 111616K, 0% used [0x00000007afd80000,0x00000007afd80000,0x00000007b6a80000)
 ParOldGen       total 302080K, used 171109K [0x00000006c0000000, 0x00000006d2700000, 0x000000076ab00000)
  object space 302080K, 56% used [0x00000006c0000000,0x00000006ca7197a8,0x00000006d2700000)
 Metaspace       used 98709K, capacity 102639K, committed 102824K, reserved 1138688K
  class space    used 12388K, capacity 13207K, committed 13232K, reserved 1048576K
Event: 444.962 GC heap after
Heap after GC invocations=30 (full 6):
 PSYoungGen      total 1114624K, used 108135K [0x000000076ab00000, 0x00000007bb180000, 0x00000007c0000000)
  eden space 1003008K, 0% used [0x000000076ab00000,0x000000076ab00000,0x00000007a7e80000)
  from space 111616K, 96% used [0x00000007afd80000,0x00000007b6719e48,0x00000007b6a80000)
  to   space 130048K, 0% used [0x00000007a7e80000,0x00000007a7e80000,0x00000007afd80000)
 ParOldGen       total 302080K, used 171109K [0x00000006c0000000, 0x00000006d2700000, 0x000000076ab00000)
  object space 302080K, 56% used [0x00000006c0000000,0x00000006ca7197a8,0x00000006d2700000)
 Metaspace       used 98709K, capacity 102639K, committed 102824K, reserved 1138688K
  class space    used 12388K, capacity 13207K, committed 13232K, reserved 1048576K
}
Event: 460.177 GC heap before
{Heap before GC invocations=31 (full 6):
 PSYoungGen      total 1114624K, used 1111143K [0x000000076ab00000, 0x00000007bb180000, 0x00000007c0000000)
  eden space 1003008K, 100% used [0x000000076ab00000,0x00000007a7e80000,0x00000007a7e80000)
  from space 111616K, 96% used [0x00000007afd80000,0x00000007b6719e48,0x00000007b6a80000)
  to   space 130048K, 0% used [0x00000007a7e80000,0x00000007a7e80000,0x00000007afd80000)
 ParOldGen       total 302080K, used 171109K [0x00000006c0000000, 0x00000006d2700000, 0x000000076ab00000)
  object space 302080K, 56% used [0x00000006c0000000,0x00000006ca7197a8,0x00000006d2700000)
 Metaspace       used 99222K, capacity 103185K, committed 103464K, reserved 1138688K
  class space    used 12425K, capacity 13262K, committed 13360K, reserved 1048576K
Event: 463.763 GC heap after
Heap after GC invocations=31 (full 6):
 PSYoungGen      total 1133056K, used 130040K [0x000000076ab00000, 0x00000007c0000000, 0x00000007c0000000)
  eden space 1003008K, 0% used [0x000000076ab00000,0x000000076ab00000,0x00000007a7e80000)
  from space 130048K, 99% used [0x00000007a7e80000,0x00000007afd7e0c0,0x00000007afd80000)
  to   space 181248K, 0% used [0x00000007b4f00000,0x00000007b4f00000,0x00000007c0000000)
 ParOldGen       total 302080K, used 248306K [0x00000006c0000000, 0x00000006d2700000, 0x000000076ab00000)
  object space 302080K, 82% used [0x00000006c0000000,0x00000006cf27c878,0x00000006d2700000)
 Metaspace       used 99222K, capacity 103185K, committed 103464K, reserved 1138688K
  class space    used 12425K, capacity 13262K, committed 13360K, reserved 1048576K
}
Event: 463.763 GC heap before
{Heap before GC invocations=32 (full 7):
 PSYoungGen      total 1133056K, used 130040K [0x000000076ab00000, 0x00000007c0000000, 0x00000007c0000000)
  eden space 1003008K, 0% used [0x000000076ab00000,0x000000076ab00000,0x00000007a7e80000)
  from space 130048K, 99% used [0x00000007a7e80000,0x00000007afd7e0c0,0x00000007afd80000)
  to   space 181248K, 0% used [0x00000007b4f00000,0x00000007b4f00000,0x00000007c0000000)
 ParOldGen       total 302080K, used 248306K [0x00000006c0000000, 0x00000006d2700000, 0x000000076ab00000)
  object space 302080K, 82% used [0x00000006c0000000,0x00000006cf27c878,0x00000006d2700000)
 Metaspace       used 99222K, capacity 103185K, committed 103464K, reserved 1138688K
  class space    used 12425K, capacity 13262K, committed 13360K, reserved 1048576K

