# JRE version: OpenJDK Runtime Environment (8.0_242) (build 1.8.0_242-release-1644-b3-6222593)
# Java VM: OpenJDK 64-Bit Server VM (25.242-b3-6222593 mixed mode linux-amd64 compressed oops)
Heap:
 PSYoungGen      total 367104K, used 8544K [0x000000076ab00000, 0x0000000783600000, 0x00000007c0000000)
  eden space 329728K, 0% used [0x000000076ab00000,0x000000076ab00000,0x000000077ed00000)
  from space 37376K, 22% used [0x000000077ed00000,0x000000077f558020,0x0000000781180000)
  to   space 35840K, 0% used [0x0000000781300000,0x0000000781300000,0x0000000783600000)
 ParOldGen       total 200704K, used 170625K [0x00000006c0000000, 0x00000006cc400000, 0x000000076ab00000)
  object space 200704K, 85% used [0x00000006c0000000,0x00000006ca6a0788,0x00000006cc400000)
 Metaspace       used 76709K, capacity 79748K, committed 79784K, reserved 1118208K
  class space    used 10215K, capacity 10892K, committed 10920K, reserved 1048576K
GC Heap History (10 events):
Event: 483.322 GC heap after
Heap after GC invocations=44 (full 6):
 PSYoungGen      total 289280K, used 5088K [0x000000076ab00000, 0x000000077ef80000, 0x00000007c0000000)
  eden space 247296K, 0% used [0x000000076ab00000,0x000000076ab00000,0x0000000779c80000)
  from space 41984K, 12% used [0x000000077c680000,0x000000077cb78000,0x000000077ef80000)
  to   space 42496K, 0% used [0x0000000779c80000,0x0000000779c80000,0x000000077c600000)
 ParOldGen       total 200704K, used 141093K [0x00000006c0000000, 0x00000006cc400000, 0x000000076ab00000)
  object space 200704K, 70% used [0x00000006c0000000,0x00000006c89c9708,0x00000006cc400000)
 Metaspace       used 76374K, capacity 79390K, committed 79528K, reserved 1118208K
  class space    used 10176K, capacity 10849K, committed 10920K, reserved 1048576K
}
Event: 488.872 GC heap before
{Heap before GC invocations=45 (full 6):
 PSYoungGen      total 289280K, used 252384K [0x000000076ab00000, 0x000000077ef80000, 0x00000007c0000000)
  eden space 247296K, 100% used [0x000000076ab00000,0x0000000779c80000,0x0000000779c80000)
  from space 41984K, 12% used [0x000000077c680000,0x000000077cb78000,0x000000077ef80000)
  to   space 42496K, 0% used [0x0000000779c80000,0x0000000779c80000,0x000000077c600000)
 ParOldGen       total 200704K, used 141093K [0x00000006c0000000, 0x00000006cc400000, 0x000000076ab00000)
  object space 200704K, 70% used [0x00000006c0000000,0x00000006c89c9708,0x00000006cc400000)
 Metaspace       used 76448K, capacity 79486K, committed 79784K, reserved 1118208K
  class space    used 10177K, capacity 10851K, committed 10920K, reserved 1048576K
Event: 489.005 GC heap after
Heap after GC invocations=45 (full 6):
 PSYoungGen      total 289792K, used 5600K [0x000000076ab00000, 0x0000000781780000, 0x00000007c0000000)
  eden space 247296K, 0% used [0x000000076ab00000,0x000000076ab00000,0x0000000779c80000)
  from space 42496K, 13% used [0x0000000779c80000,0x000000077a1f8000,0x000000077c600000)
  to   space 41472K, 0% used [0x000000077ef00000,0x000000077ef00000,0x0000000781780000)
 ParOldGen       total 200704K, used 145795K [0x00000006c0000000, 0x00000006cc400000, 0x000000076ab00000)
  object space 200704K, 72% used [0x00000006c0000000,0x00000006c8e60d70,0x00000006cc400000)
 Metaspace       used 76448K, capacity 79486K, committed 79784K, reserved 1118208K
  class space    used 10177K, capacity 10851K, committed 10920K, reserved 1048576K
}
Event: 492.838 GC heap before
{Heap before GC invocations=46 (full 6):
 PSYoungGen      total 289792K, used 252896K [0x000000076ab00000, 0x0000000781780000, 0x00000007c0000000)
  eden space 247296K, 100% used [0x000000076ab00000,0x0000000779c80000,0x0000000779c80000)
  from space 42496K, 13% used [0x0000000779c80000,0x000000077a1f8000,0x000000077c600000)
  to   space 41472K, 0% used [0x000000077ef00000,0x000000077ef00000,0x0000000781780000)
 ParOldGen       total 200704K, used 145795K [0x00000006c0000000, 0x00000006cc400000, 0x000000076ab00000)
  object space 200704K, 72% used [0x00000006c0000000,0x00000006c8e60d70,0x00000006cc400000)
 Metaspace       used 76466K, capacity 79492K, committed 79784K, reserved 1118208K
  class space    used 10178K, capacity 10852K, committed 10920K, reserved 1048576K
Event: 492.888 GC heap after
Heap after GC invocations=46 (full 6):
 PSYoungGen      total 325632K, used 5296K [0x000000076ab00000, 0x0000000781380000, 0x00000007c0000000)
  eden space 288256K, 0% used [0x000000076ab00000,0x000000076ab00000,0x000000077c480000)
  from space 37376K, 14% used [0x000000077ef00000,0x000000077f42c010,0x0000000781380000)
  to   space 40448K, 0% used [0x000000077c480000,0x000000077c480000,0x000000077ec00000)
 ParOldGen       total 200704K, used 151335K [0x00000006c0000000, 0x00000006cc400000, 0x000000076ab00000)
  object space 200704K, 75% used [0x00000006c0000000,0x00000006c93c9e40,0x00000006cc400000)
 Metaspace       used 76466K, capacity 79492K, committed 79784K, reserved 1118208K
  class space    used 10178K, capacity 10852K, committed 10920K, reserved 1048576K
}
Event: 499.739 GC heap before
{Heap before GC invocations=47 (full 6):
 PSYoungGen      total 325632K, used 293552K [0x000000076ab00000, 0x0000000781380000, 0x00000007c0000000)
  eden space 288256K, 100% used [0x000000076ab00000,0x000000077c480000,0x000000077c480000)
  from space 37376K, 14% used [0x000000077ef00000,0x000000077f42c010,0x0000000781380000)
  to   space 40448K, 0% used [0x000000077c480000,0x000000077c480000,0x000000077ec00000)
 ParOldGen       total 200704K, used 151335K [0x00000006c0000000, 0x00000006cc400000, 0x000000076ab00000)
  object space 200704K, 75% used [0x00000006c0000000,0x00000006c93c9e40,0x00000006cc400000)
 Metaspace       used 76673K, capacity 79742K, committed 79784K, reserved 1118208K
  class space    used 10210K, capacity 10891K, committed 10920K, reserved 1048576K
Event: 500.078 GC heap after
Heap after GC invocations=47 (full 6):
 PSYoungGen      total 328704K, used 6496K [0x000000076ab00000, 0x0000000783900000, 0x00000007c0000000)
  eden space 288256K, 0% used [0x000000076ab00000,0x000000076ab00000,0x000000077c480000)
  from space 40448K, 16% used [0x000000077c480000,0x000000077cad8000,0x000000077ec00000)
  to   space 38912K, 0% used [0x0000000781300000,0x0000000781300000,0x0000000783900000)
 ParOldGen       total 200704K, used 156416K [0x00000006c0000000, 0x00000006cc400000, 0x000000076ab00000)
  object space 200704K, 77% used [0x00000006c0000000,0x00000006c98c00f8,0x00000006cc400000)
 Metaspace       used 76673K, capacity 79742K, committed 79784K, reserved 1118208K
  class space    used 10210K, capacity 10891K, committed 10920K, reserved 1048576K
}
Event: 503.667 GC heap before
{Heap before GC invocations=48 (full 6):
 PSYoungGen      total 328704K, used 294752K [0x000000076ab00000, 0x0000000783900000, 0x00000007c0000000)
  eden space 288256K, 100% used [0x000000076ab00000,0x000000077c480000,0x000000077c480000)
  from space 40448K, 16% used [0x000000077c480000,0x000000077cad8000,0x000000077ec00000)
  to   space 38912K, 0% used [0x0000000781300000,0x0000000781300000,0x0000000783900000)
 ParOldGen       total 200704K, used 156416K [0x00000006c0000000, 0x00000006cc400000, 0x000000076ab00000)
  object space 200704K, 77% used [0x00000006c0000000,0x00000006c98c00f8,0x00000006cc400000)
 Metaspace       used 76690K, capacity 79748K, committed 79784K, reserved 1118208K
  class space    used 10211K, capacity 10892K, committed 10920K, reserved 1048576K
Event: 503.787 GC heap after
Heap after GC invocations=48 (full 6):
 PSYoungGen      total 365568K, used 7872K [0x000000076ab00000, 0x0000000783600000, 0x00000007c0000000)
  eden space 329728K, 0% used [0x000000076ab00000,0x000000076ab00000,0x000000077ed00000)
  from space 35840K, 21% used [0x0000000781300000,0x0000000781ab0020,0x0000000783600000)
  to   space 37376K, 0% used [0x000000077ed00000,0x000000077ed00000,0x0000000781180000)
 ParOldGen       total 200704K, used 162806K [0x00000006c0000000, 0x00000006cc400000, 0x000000076ab00000)
  object space 200704K, 81% used [0x00000006c0000000,0x00000006c9efd8d8,0x00000006cc400000)
 Metaspace       used 76690K, capacity 79748K, committed 79784K, reserved 1118208K
  class space    used 10211K, capacity 10892K, committed 10920K, reserved 1048576K
}
Event: 526.632 GC heap before
{Heap before GC invocations=49 (full 6):
 PSYoungGen      total 365568K, used 337600K [0x000000076ab00000, 0x0000000783600000, 0x00000007c0000000)
  eden space 329728K, 100% used [0x000000076ab00000,0x000000077ed00000,0x000000077ed00000)
  from space 35840K, 21% used [0x0000000781300000,0x0000000781ab0020,0x0000000783600000)
  to   space 37376K, 0% used [0x000000077ed00000,0x000000077ed00000,0x0000000781180000)
 ParOldGen       total 200704K, used 162806K [0x00000006c0000000, 0x00000006cc400000, 0x000000076ab00000)
  object space 200704K, 81% used [0x00000006c0000000,0x00000006c9efd8d8,0x00000006cc400000)
 Metaspace       used 76709K, capacity 79748K, committed 79784K, reserved 1118208K
  class space    used 10215K, capacity 10892K, committed 10920K, reserved 1048576K

