# JRE version: OpenJDK Runtime Environment (8.0_242) (build 1.8.0_242-release-1644-b3-6222593)
# Java VM: OpenJDK 64-Bit Server VM (25.242-b3-6222593 mixed mode linux-amd64 compressed oops)
Heap:
 PSYoungGen      total 355840K, used 78805K [0x000000076ab00000, 0x0000000785400000, 0x00000007c0000000)
  eden space 276480K, 0% used [0x000000076ab00000,0x000000076ab00000,0x000000077b900000)
  from space 79360K, 99% used [0x000000077b900000,0x00000007805f5600,0x0000000780680000)
  to   space 77824K, 0% used [0x0000000780800000,0x0000000780800000,0x0000000785400000)
 ParOldGen       total 392704K, used 35500K [0x00000006c0000000, 0x00000006d7f80000, 0x000000076ab00000)
  object space 392704K, 9% used [0x00000006c0000000,0x00000006c22ab090,0x00000006d7f80000)
 Metaspace       used 65000K, capacity 66409K, committed 67840K, reserved 1107968K
  class space    used 7860K, capacity 8293K, committed 8448K, reserved 1048576K
GC Heap History (10 events):
Event: 34.330 GC heap after
Heap after GC invocations=25 (full 6):
 PSYoungGen      total 277504K, used 35386K [0x000000076ab00000, 0x0000000782880000, 0x00000007c0000000)
  eden space 197632K, 0% used [0x000000076ab00000,0x000000076ab00000,0x0000000776c00000)
  from space 79872K, 44% used [0x0000000776c00000,0x0000000778e8e978,0x000000077ba00000)
  to   space 77312K, 0% used [0x000000077dd00000,0x000000077dd00000,0x0000000782880000)
 ParOldGen       total 392704K, used 255759K [0x00000006c0000000, 0x00000006d7f80000, 0x000000076ab00000)
  object space 392704K, 65% used [0x00000006c0000000,0x00000006cf9c3fb0,0x00000006d7f80000)
 Metaspace       used 44021K, capacity 44671K, committed 45056K, reserved 1089536K
  class space    used 5375K, capacity 5568K, committed 5632K, reserved 1048576K
}
Event: 44.659 GC heap before
{Heap before GC invocations=26 (full 6):
 PSYoungGen      total 277504K, used 233018K [0x000000076ab00000, 0x0000000782880000, 0x00000007c0000000)
  eden space 197632K, 100% used [0x000000076ab00000,0x0000000776c00000,0x0000000776c00000)
  from space 79872K, 44% used [0x0000000776c00000,0x0000000778e8e978,0x000000077ba00000)
  to   space 77312K, 0% used [0x000000077dd00000,0x000000077dd00000,0x0000000782880000)
 ParOldGen       total 392704K, used 255759K [0x00000006c0000000, 0x00000006d7f80000, 0x000000076ab00000)
  object space 392704K, 65% used [0x00000006c0000000,0x00000006cf9c3fb0,0x00000006d7f80000)
 Metaspace       used 57184K, capacity 58189K, committed 58496K, reserved 1099776K
  class space    used 6901K, capacity 7221K, committed 7296K, reserved 1048576K
Event: 45.948 GC heap after
Heap after GC invocations=26 (full 6):
 PSYoungGen      total 311808K, used 48164K [0x000000076ab00000, 0x0000000782b00000, 0x00000007c0000000)
  eden space 234496K, 0% used [0x000000076ab00000,0x000000076ab00000,0x0000000779000000)
  from space 77312K, 62% used [0x000000077dd00000,0x0000000780c093b8,0x0000000782880000)
  to   space 78848K, 0% used [0x0000000779000000,0x0000000779000000,0x000000077dd00000)
 ParOldGen       total 392704K, used 289233K [0x00000006c0000000, 0x00000006d7f80000, 0x000000076ab00000)
  object space 392704K, 73% used [0x00000006c0000000,0x00000006d1a744c0,0x00000006d7f80000)
 Metaspace       used 57184K, capacity 58189K, committed 58496K, reserved 1099776K
  class space    used 6901K, capacity 7221K, committed 7296K, reserved 1048576K
}
Event: 3370.429 GC heap before
{Heap before GC invocations=27 (full 6):
 PSYoungGen      total 311808K, used 282660K [0x000000076ab00000, 0x0000000782b00000, 0x00000007c0000000)
  eden space 234496K, 100% used [0x000000076ab00000,0x0000000779000000,0x0000000779000000)
  from space 77312K, 62% used [0x000000077dd00000,0x0000000780c093b8,0x0000000782880000)
  to   space 78848K, 0% used [0x0000000779000000,0x0000000779000000,0x000000077dd00000)
 ParOldGen       total 392704K, used 289233K [0x00000006c0000000, 0x00000006d7f80000, 0x000000076ab00000)
  object space 392704K, 73% used [0x00000006c0000000,0x00000006d1a744c0,0x00000006d7f80000)
 Metaspace       used 59769K, capacity 60903K, committed 61312K, reserved 1103872K
  class space    used 7132K, capacity 7466K, committed 7552K, reserved 1048576K
Event: 3575.524 GC heap after
Heap after GC invocations=27 (full 6):
 PSYoungGen      total 313344K, used 49806K [0x000000076ab00000, 0x0000000785700000, 0x00000007c0000000)
  eden space 234496K, 0% used [0x000000076ab00000,0x000000076ab00000,0x0000000779000000)
  from space 78848K, 63% used [0x0000000779000000,0x000000077c0a3b60,0x000000077dd00000)
  to   space 80896K, 0% used [0x0000000780800000,0x0000000780800000,0x0000000785700000)
 ParOldGen       total 392704K, used 323667K [0x00000006c0000000, 0x00000006d7f80000, 0x000000076ab00000)
  object space 392704K, 82% used [0x00000006c0000000,0x00000006d3c14ed0,0x00000006d7f80000)
 Metaspace       used 59769K, capacity 60903K, committed 61312K, reserved 1103872K
  class space    used 7132K, capacity 7466K, committed 7552K, reserved 1048576K
}
Event: 3631.500 GC heap before
{Heap before GC invocations=28 (full 6):
 PSYoungGen      total 313344K, used 191182K [0x000000076ab00000, 0x0000000785700000, 0x00000007c0000000)
  eden space 234496K, 60% used [0x000000076ab00000,0x0000000773510068,0x0000000779000000)
  from space 78848K, 63% used [0x0000000779000000,0x000000077c0a3b60,0x000000077dd00000)
  to   space 80896K, 0% used [0x0000000780800000,0x0000000780800000,0x0000000785700000)
 ParOldGen       total 392704K, used 323667K [0x00000006c0000000, 0x00000006d7f80000, 0x000000076ab00000)
  object space 392704K, 82% used [0x00000006c0000000,0x00000006d3c14ed0,0x00000006d7f80000)
 Metaspace       used 66246K, capacity 67597K, committed 67840K, reserved 1107968K
  class space    used 7936K, capacity 8321K, committed 8448K, reserved 1048576K
Event: 3650.255 GC heap after
Heap after GC invocations=28 (full 6):
 PSYoungGen      total 354304K, used 16627K [0x000000076ab00000, 0x0000000785400000, 0x00000007c0000000)
  eden space 276480K, 0% used [0x000000076ab00000,0x000000076ab00000,0x000000077b900000)
  from space 77824K, 21% used [0x0000000780800000,0x000000078183cef0,0x0000000785400000)
  to   space 79360K, 0% used [0x000000077b900000,0x000000077b900000,0x0000000780680000)
 ParOldGen       total 392704K, used 323675K [0x00000006c0000000, 0x00000006d7f80000, 0x000000076ab00000)
  object space 392704K, 82% used [0x00000006c0000000,0x00000006d3c16ed0,0x00000006d7f80000)
 Metaspace       used 66246K, capacity 67597K, committed 67840K, reserved 1107968K
  class space    used 7936K, capacity 8321K, committed 8448K, reserved 1048576K
}
Event: 3650.255 GC heap before
{Heap before GC invocations=29 (full 7):
 PSYoungGen      total 354304K, used 16627K [0x000000076ab00000, 0x0000000785400000, 0x00000007c0000000)
  eden space 276480K, 0% used [0x000000076ab00000,0x000000076ab00000,0x000000077b900000)
  from space 77824K, 21% used [0x0000000780800000,0x000000078183cef0,0x0000000785400000)
  to   space 79360K, 0% used [0x000000077b900000,0x000000077b900000,0x0000000780680000)
 ParOldGen       total 392704K, used 323675K [0x00000006c0000000, 0x00000006d7f80000, 0x000000076ab00000)
  object space 392704K, 82% used [0x00000006c0000000,0x00000006d3c16ed0,0x00000006d7f80000)
 Metaspace       used 66246K, capacity 67597K, committed 67840K, reserved 1107968K
  class space    used 7936K, capacity 8321K, committed 8448K, reserved 1048576K
Event: 3726.013 GC heap after
Heap after GC invocations=29 (full 7):
 PSYoungGen      total 354304K, used 0K [0x000000076ab00000, 0x0000000785400000, 0x00000007c0000000)
  eden space 276480K, 0% used [0x000000076ab00000,0x000000076ab00000,0x000000077b900000)
  from space 77824K, 0% used [0x0000000780800000,0x0000000780800000,0x0000000785400000)
  to   space 79360K, 0% used [0x000000077b900000,0x000000077b900000,0x0000000780680000)
 ParOldGen       total 392704K, used 35492K [0x00000006c0000000, 0x00000006d7f80000, 0x000000076ab00000)
  object space 392704K, 9% used [0x00000006c0000000,0x00000006c22a9090,0x00000006d7f80000)
 Metaspace       used 64160K, capacity 65461K, committed 67840K, reserved 1107968K
  class space    used 7768K, capacity 8147K, committed 8448K, reserved 1048576K
}
Event: 3748.429 GC heap before
{Heap before GC invocations=30 (full 7):
 PSYoungGen      total 354304K, used 276480K [0x000000076ab00000, 0x0000000785400000, 0x00000007c0000000)
  eden space 276480K, 100% used [0x000000076ab00000,0x000000077b900000,0x000000077b900000)
  from space 77824K, 0% used [0x0000000780800000,0x0000000780800000,0x0000000785400000)
  to   space 79360K, 0% used [0x000000077b900000,0x000000077b900000,0x0000000780680000)
 ParOldGen       total 392704K, used 35492K [0x00000006c0000000, 0x00000006d7f80000, 0x000000076ab00000)
  object space 392704K, 9% used [0x00000006c0000000,0x00000006c22a9090,0x00000006d7f80000)
 Metaspace       used 65000K, capacity 66409K, committed 67840K, reserved 1107968K
  class space    used 7860K, capacity 8293K, committed 8448K, reserved 1048576K

